2026-04-17 18:49:16 | INFO     | controller:17 | 🚀 开始自省循环
2026-04-17 18:49:16 | INFO     | nodes:13 | 🔧 [should_use_tools] 开始判断是否需要工具
2026-04-17 18:49:32 | INFO     | nodes:26 | 🔧 [should_use_tools] 完成 | need_tools=False | 耗时=16295.97ms
2026-04-17 18:49:32 | INFO     | controller:38 | 🔍 是否需要工具: False
2026-04-17 18:49:32 | INFO     | controller:40 | 🚫 无需工具，直接输出
2026-04-17 18:49:32 | INFO     | nodes:219 | 💬 [output] 开始生成最终回答
2026-04-17 18:50:05 | INFO     | nodes:236 | 💬 [output] 完成 | 回答长度=594 | 耗时=32735.05ms
2026-04-17 18:50:05 | INFO     | controller:42 | 🏁 自省循环结束（无工具路径）
2026-04-17 18:50:55 | INFO     | controller:17 | 🚀 开始自省循环
2026-04-17 18:50:55 | INFO     | nodes:13 | 🔧 [should_use_tools] 开始判断是否需要工具
2026-04-17 18:51:07 | INFO     | nodes:26 | 🔧 [should_use_tools] 完成 | need_tools=True | 耗时=11579.71ms
2026-04-17 18:51:07 | INFO     | controller:38 | 🔍 是否需要工具: True
2026-04-17 18:51:07 | INFO     | nodes:32 | 📋 [planning] 开始生成计划
2026-04-17 18:51:07 | INFO     | wiki_reader:139 | 🔎 检索查询: 你还记得我们刚刚聊了什么吗...
2026-04-17 18:51:08 | INFO     | wiki_reader:153 | 🔎 检索完成 | 返回 3 条 | 耗时 1479.69ms
2026-04-17 18:51:33 | INFO     | controller:53 | 📝 生成计划，共 1 步
2026-04-17 18:51:33 | INFO     | controller:57 | 🔢 执行步骤 1/1
2026-04-17 18:51:33 | INFO     | nodes:84 | ⚙️ [prepare_tools] 开始准备工具参数
2026-04-17 18:51:33 | INFO     | nodes:135 | ⚙️ [prepare_tools] 完成 | 工具=recall_long_term_memory | 参数={} | 耗时=0.03ms
2026-04-17 18:51:33 | INFO     | nodes:143 | 🔨 [execute_tools] 开始执行工具
2026-04-17 18:51:33 | INFO     | nodes:168 | 🔨 [execute_tools] 完成 | 结果=tool_result: 执行失败: 1 validation error for RecallMemoryInput
query
  Field required [type=missing, input_value={}, input_type=dict]
    For further information visit https://errors.pydantic.dev/2.10/v/... | 耗时=1.12ms
2026-04-17 18:51:33 | INFO     | nodes:173 | ✅ [verification] 开始验证工具结果
2026-04-17 18:51:33 | INFO     | wiki_reader:139 | 🔎 检索查询: 你还记得我们刚刚聊了什么吗 执行失败: 1 validation error for RecallMemoryInput
query
  Field required [type=missing, i...
2026-04-17 18:51:33 | INFO     | wiki_reader:153 | 🔎 检索完成 | 返回 3 条 | 耗时 91.66ms
2026-04-17 18:51:54 | INFO     | nodes:195 | ⚠️ [error_check] 开始错误检查
2026-04-17 18:51:54 | INFO     | wiki_reader:139 | 🔎 检索查询: 执行失败: 1 validation error for RecallMemoryInput
query
  Field required [type=missing, input_value={},...
2026-04-17 18:51:54 | INFO     | wiki_reader:153 | 🔎 检索完成 | 返回 1 条 | 耗时 96.91ms
2026-04-17 18:51:55 | INFO     | nodes:208 | ⚠️ [error_check] 完成 | 耗时=445.17ms
2026-04-17 18:51:55 | WARNING  | controller:80 | ❌ 步骤 1 验证失败或发现错误，准备重新规划
2026-04-17 18:51:55 | INFO     | controller:90 | 🔄 需要重新规划，增加迭代次数
2026-04-17 18:51:55 | INFO     | nodes:13 | 🔧 [should_use_tools] 开始判断是否需要工具
2026-04-17 18:51:55 | INFO     | nodes:26 | 🔧 [should_use_tools] 完成 | need_tools=True | 耗时=420.80ms
2026-04-17 18:51:55 | INFO     | controller:38 | 🔍 是否需要工具: True
2026-04-17 18:51:55 | INFO     | nodes:32 | 📋 [planning] 开始生成计划
2026-04-17 18:51:55 | INFO     | wiki_reader:139 | 🔎 检索查询: 你还记得我们刚刚聊了什么吗...
2026-04-17 18:51:55 | INFO     | wiki_reader:153 | 🔎 检索完成 | 返回 3 条 | 耗时 94.23ms
2026-04-17 18:52:10 | INFO     | controller:53 | 📝 生成计划，共 1 步
2026-04-17 18:52:10 | INFO     | controller:57 | 🔢 执行步骤 1/1
2026-04-17 18:52:10 | INFO     | nodes:84 | ⚙️ [prepare_tools] 开始准备工具参数
2026-04-17 18:52:10 | INFO     | nodes:135 | ⚙️ [prepare_tools] 完成 | 工具=recall_long_term_memory | 参数={} | 耗时=0.03ms
2026-04-17 18:52:10 | INFO     | nodes:143 | 🔨 [execute_tools] 开始执行工具
2026-04-17 18:52:10 | INFO     | nodes:168 | 🔨 [execute_tools] 完成 | 结果=tool_result: 执行失败: 1 validation error for RecallMemoryInput
query
  Field required [type=missing, input_value={}, input_type=dict]
    For further information visit https://errors.pydantic.dev/2.10/v/... | 耗时=0.16ms
2026-04-17 18:52:10 | INFO     | nodes:173 | ✅ [verification] 开始验证工具结果
2026-04-17 18:52:10 | INFO     | wiki_reader:139 | 🔎 检索查询: 你还记得我们刚刚聊了什么吗 执行失败: 1 validation error for RecallMemoryInput
query
  Field required [type=missing, i...
2026-04-17 18:52:11 | INFO     | wiki_reader:153 | 🔎 检索完成 | 返回 3 条 | 耗时 91.22ms
2026-04-17 18:52:31 | INFO     | nodes:195 | ⚠️ [error_check] 开始错误检查
2026-04-17 18:52:31 | INFO     | wiki_reader:139 | 🔎 检索查询: 执行失败: 1 validation error for RecallMemoryInput
query
  Field required [type=missing, input_value={},...
2026-04-17 18:52:31 | INFO     | wiki_reader:153 | 🔎 检索完成 | 返回 1 条 | 耗时 95.23ms
2026-04-17 18:52:32 | INFO     | nodes:208 | ⚠️ [error_check] 完成 | 耗时=485.84ms
2026-04-17 18:52:32 | WARNING  | controller:80 | ❌ 步骤 1 验证失败或发现错误，准备重新规划
2026-04-17 18:52:32 | INFO     | controller:90 | 🔄 需要重新规划，增加迭代次数
2026-04-17 18:52:32 | INFO     | nodes:13 | 🔧 [should_use_tools] 开始判断是否需要工具
2026-04-17 18:52:45 | INFO     | nodes:26 | 🔧 [should_use_tools] 完成 | need_tools=True | 耗时=13618.84ms
2026-04-17 18:52:45 | INFO     | controller:38 | 🔍 是否需要工具: True
2026-04-17 18:52:45 | INFO     | nodes:32 | 📋 [planning] 开始生成计划
2026-04-17 18:52:45 | INFO     | wiki_reader:139 | 🔎 检索查询: 你还记得我们刚刚聊了什么吗...
2026-04-17 18:52:45 | INFO     | wiki_reader:153 | 🔎 检索完成 | 返回 3 条 | 耗时 115.43ms
2026-04-17 18:53:16 | INFO     | controller:53 | 📝 生成计划，共 2 步
2026-04-17 18:53:16 | INFO     | controller:57 | 🔢 执行步骤 1/2
2026-04-17 18:53:16 | INFO     | nodes:84 | ⚙️ [prepare_tools] 开始准备工具参数
2026-04-17 18:53:16 | INFO     | nodes:135 | ⚙️ [prepare_tools] 完成 | 工具=recall_long_term_memory | 参数={} | 耗时=0.02ms
2026-04-17 18:53:16 | INFO     | nodes:143 | 🔨 [execute_tools] 开始执行工具
2026-04-17 18:53:16 | INFO     | nodes:168 | 🔨 [execute_tools] 完成 | 结果=tool_result: 执行失败: 1 validation error for RecallMemoryInput
query
  Field required [type=missing, input_value={}, input_type=dict]
    For further information visit https://errors.pydantic.dev/2.10/v/... | 耗时=0.14ms
2026-04-17 18:53:16 | INFO     | nodes:173 | ✅ [verification] 开始验证工具结果
2026-04-17 18:53:16 | INFO     | wiki_reader:139 | 🔎 检索查询: 你还记得我们刚刚聊了什么吗 执行失败: 1 validation error for RecallMemoryInput
query
  Field required [type=missing, i...
2026-04-17 18:53:16 | INFO     | wiki_reader:153 | 🔎 检索完成 | 返回 3 条 | 耗时 93.14ms
2026-04-17 18:53:41 | INFO     | nodes:195 | ⚠️ [error_check] 开始错误检查
2026-04-17 18:53:41 | INFO     | wiki_reader:139 | 🔎 检索查询: 执行失败: 1 validation error for RecallMemoryInput
query
  Field required [type=missing, input_value={},...
2026-04-17 18:53:41 | INFO     | wiki_reader:153 | 🔎 检索完成 | 返回 1 条 | 耗时 96.66ms
2026-04-17 18:53:42 | INFO     | nodes:208 | ⚠️ [error_check] 完成 | 耗时=469.54ms
2026-04-17 18:53:42 | WARNING  | controller:80 | ❌ 步骤 1 验证失败或发现错误，准备重新规划
2026-04-17 18:53:42 | INFO     | controller:90 | 🔄 需要重新规划，增加迭代次数
2026-04-17 18:53:42 | INFO     | nodes:219 | 💬 [output] 开始生成最终回答
2026-04-17 18:54:06 | INFO     | nodes:236 | 💬 [output] 完成 | 回答长度=124 | 耗时=24681.92ms
2026-04-17 18:54:06 | INFO     | controller:99 | 🏁 自省循环结束，返回最终答案
2026-04-17 18:55:13 | INFO     | controller:17 | 🚀 开始自省循环
2026-04-17 18:55:13 | INFO     | nodes:13 | 🔧 [should_use_tools] 开始判断是否需要工具
2026-04-17 18:55:16 | INFO     | nodes:26 | 🔧 [should_use_tools] 完成 | need_tools=True | 耗时=2848.61ms
2026-04-17 18:55:16 | INFO     | controller:38 | 🔍 是否需要工具: True
2026-04-17 18:55:16 | INFO     | nodes:32 | 📋 [planning] 开始生成计划
2026-04-17 18:55:16 | INFO     | wiki_reader:139 | 🔎 检索查询: 帮我查一下今天深圳的天气情况...
2026-04-17 18:55:16 | INFO     | wiki_reader:153 | 🔎 检索完成 | 返回 3 条 | 耗时 114.32ms
2026-04-17 18:55:32 | INFO     | controller:53 | 📝 生成计划，共 1 步
2026-04-17 18:55:32 | INFO     | controller:57 | 🔢 执行步骤 1/1
2026-04-17 18:55:32 | INFO     | nodes:84 | ⚙️ [prepare_tools] 开始准备工具参数
2026-04-17 18:55:32 | INFO     | nodes:135 | ⚙️ [prepare_tools] 完成 | 工具=web_search | 参数={'query': '今天深圳的天气情况'} | 耗时=0.05ms
2026-04-17 18:55:32 | INFO     | nodes:143 | 🔨 [execute_tools] 开始执行工具
2026-04-17 18:55:32 | INFO     | nodes:163 | 🔨 [execute_tools] 完成 | 结果=tool_result: 错误：未设置 TAVILY_API_KEY, step_index: 0... | 耗时=0.81ms
2026-04-17 18:55:32 | INFO     | nodes:173 | ✅ [verification] 开始验证工具结果
2026-04-17 18:55:32 | INFO     | wiki_reader:139 | 🔎 检索查询: 帮我查一下今天深圳的天气情况 错误：未设置 TAVILY_API_KEY...
2026-04-17 18:55:32 | INFO     | wiki_reader:153 | 🔎 检索完成 | 返回 3 条 | 耗时 116.16ms
2026-04-17 18:55:47 | INFO     | nodes:195 | ⚠️ [error_check] 开始错误检查
2026-04-17 18:55:47 | INFO     | wiki_reader:139 | 🔎 检索查询: 错误：未设置 TAVILY_API_KEY...
2026-04-17 18:55:47 | INFO     | wiki_reader:153 | 🔎 检索完成 | 返回 1 条 | 耗时 118.60ms
2026-04-17 18:55:55 | INFO     | nodes:208 | ⚠️ [error_check] 完成 | 耗时=7644.82ms
2026-04-17 18:55:55 | WARNING  | controller:80 | ❌ 步骤 1 验证失败或发现错误，准备重新规划
2026-04-17 18:55:55 | INFO     | controller:90 | 🔄 需要重新规划，增加迭代次数
2026-04-17 18:55:55 | INFO     | nodes:13 | 🔧 [should_use_tools] 开始判断是否需要工具
2026-04-17 18:55:55 | INFO     | nodes:26 | 🔧 [should_use_tools] 完成 | need_tools=True | 耗时=475.82ms
2026-04-17 18:55:55 | INFO     | controller:38 | 🔍 是否需要工具: True
2026-04-17 18:55:55 | INFO     | nodes:32 | 📋 [planning] 开始生成计划
2026-04-17 18:55:55 | INFO     | wiki_reader:139 | 🔎 检索查询: 帮我查一下今天深圳的天气情况...
2026-04-17 18:55:55 | INFO     | wiki_reader:153 | 🔎 检索完成 | 返回 3 条 | 耗时 94.42ms
2026-04-17 18:56:09 | INFO     | controller:53 | 📝 生成计划，共 1 步
2026-04-17 18:56:09 | INFO     | controller:57 | 🔢 执行步骤 1/1
2026-04-17 18:56:09 | INFO     | nodes:84 | ⚙️ [prepare_tools] 开始准备工具参数
2026-04-17 18:56:09 | INFO     | nodes:135 | ⚙️ [prepare_tools] 完成 | 工具=web_search | 参数={'query': '今天深圳的天气情况'} | 耗时=0.02ms
2026-04-17 18:56:09 | INFO     | nodes:143 | 🔨 [execute_tools] 开始执行工具
2026-04-17 18:56:09 | INFO     | nodes:163 | 🔨 [execute_tools] 完成 | 结果=tool_result: 错误：未设置 TAVILY_API_KEY, step_index: 0... | 耗时=0.29ms
2026-04-17 18:56:09 | INFO     | nodes:173 | ✅ [verification] 开始验证工具结果
2026-04-17 18:56:09 | INFO     | wiki_reader:139 | 🔎 检索查询: 帮我查一下今天深圳的天气情况 错误：未设置 TAVILY_API_KEY...
2026-04-17 18:56:10 | INFO     | wiki_reader:153 | 🔎 检索完成 | 返回 3 条 | 耗时 93.35ms
2026-04-17 18:56:25 | INFO     | nodes:195 | ⚠️ [error_check] 开始错误检查
2026-04-17 18:56:25 | INFO     | wiki_reader:139 | 🔎 检索查询: 错误：未设置 TAVILY_API_KEY...
2026-04-17 18:56:25 | INFO     | wiki_reader:153 | 🔎 检索完成 | 返回 1 条 | 耗时 105.30ms
2026-04-17 18:56:33 | INFO     | nodes:208 | ⚠️ [error_check] 完成 | 耗时=7699.70ms
2026-04-17 18:56:33 | WARNING  | controller:80 | ❌ 步骤 1 验证失败或发现错误，准备重新规划
2026-04-17 18:56:33 | INFO     | controller:90 | 🔄 需要重新规划，增加迭代次数
2026-04-17 18:56:33 | INFO     | nodes:13 | 🔧 [should_use_tools] 开始判断是否需要工具
2026-04-17 18:56:33 | INFO     | nodes:26 | 🔧 [should_use_tools] 完成 | need_tools=True | 耗时=457.42ms
2026-04-17 18:56:33 | INFO     | controller:38 | 🔍 是否需要工具: True
2026-04-17 18:56:33 | INFO     | nodes:32 | 📋 [planning] 开始生成计划
2026-04-17 18:56:33 | INFO     | wiki_reader:139 | 🔎 检索查询: 帮我查一下今天深圳的天气情况...
2026-04-17 18:56:33 | INFO     | wiki_reader:153 | 🔎 检索完成 | 返回 3 条 | 耗时 102.51ms
2026-04-17 18:56:50 | INFO     | controller:53 | 📝 生成计划，共 1 步
2026-04-17 18:56:50 | INFO     | controller:57 | 🔢 执行步骤 1/1
2026-04-17 18:56:50 | INFO     | nodes:84 | ⚙️ [prepare_tools] 开始准备工具参数
2026-04-17 18:56:50 | INFO     | nodes:135 | ⚙️ [prepare_tools] 完成 | 工具=web_search | 参数={'query': '今天深圳的天气情况'} | 耗时=0.03ms
2026-04-17 18:56:50 | INFO     | nodes:143 | 🔨 [execute_tools] 开始执行工具
2026-04-17 18:56:50 | INFO     | nodes:163 | 🔨 [execute_tools] 完成 | 结果=tool_result: 错误：未设置 TAVILY_API_KEY, step_index: 0... | 耗时=0.39ms
2026-04-17 18:56:50 | INFO     | nodes:173 | ✅ [verification] 开始验证工具结果
2026-04-17 18:56:50 | INFO     | wiki_reader:139 | 🔎 检索查询: 帮我查一下今天深圳的天气情况 错误：未设置 TAVILY_API_KEY...
2026-04-17 18:56:50 | INFO     | wiki_reader:153 | 🔎 检索完成 | 返回 3 条 | 耗时 76.06ms
2026-04-17 18:57:10 | INFO     | nodes:195 | ⚠️ [error_check] 开始错误检查
2026-04-17 18:57:10 | INFO     | wiki_reader:139 | 🔎 检索查询: 错误：未设置 TAVILY_API_KEY...
2026-04-17 18:57:10 | INFO     | wiki_reader:153 | 🔎 检索完成 | 返回 1 条 | 耗时 89.51ms
2026-04-17 18:57:19 | INFO     | nodes:208 | ⚠️ [error_check] 完成 | 耗时=8517.45ms
2026-04-17 18:57:19 | WARNING  | controller:80 | ❌ 步骤 1 验证失败或发现错误，准备重新规划
2026-04-17 18:57:19 | INFO     | controller:90 | 🔄 需要重新规划，增加迭代次数
2026-04-17 18:57:19 | INFO     | nodes:219 | 💬 [output] 开始生成最终回答
2026-04-17 18:57:39 | INFO     | nodes:236 | 💬 [output] 完成 | 回答长度=147 | 耗时=19917.84ms
2026-04-17 18:57:39 | INFO     | controller:99 | 🏁 自省循环结束，返回最终答案
2026-04-17 18:59:10 | INFO     | controller:17 | 🚀 开始自省循环
2026-04-17 18:59:10 | INFO     | nodes:13 | 🔧 [should_use_tools] 开始判断是否需要工具
2026-04-17 18:59:13 | INFO     | nodes:26 | 🔧 [should_use_tools] 完成 | need_tools=True | 耗时=2768.49ms
2026-04-17 18:59:13 | INFO     | controller:38 | 🔍 是否需要工具: True
2026-04-17 18:59:13 | INFO     | nodes:32 | 📋 [planning] 开始生成计划
2026-04-17 18:59:13 | INFO     | wiki_reader:139 | 🔎 检索查询: 我的名字叫小明，你叫什么名字？...
2026-04-17 18:59:13 | INFO     | wiki_reader:153 | 🔎 检索完成 | 返回 3 条 | 耗时 119.39ms
2026-04-17 18:59:43 | INFO     | controller:53 | 📝 生成计划，共 1 步
2026-04-17 18:59:43 | INFO     | controller:57 | 🔢 执行步骤 1/1
2026-04-17 18:59:43 | INFO     | nodes:84 | ⚙️ [prepare_tools] 开始准备工具参数
2026-04-17 18:59:43 | INFO     | nodes:135 | ⚙️ [prepare_tools] 完成 | 工具=recall_long_term_memory | 参数={'query': '用户在本次对话中透露了哪些个人信息？'} | 耗时=0.02ms
2026-04-17 18:59:43 | INFO     | nodes:143 | 🔨 [execute_tools] 开始执行工具
2026-04-17 18:59:43 | INFO     | wiki_reader:139 | 🔎 检索查询: 用户在本次对话中透露了哪些个人信息？...
2026-04-17 18:59:43 | INFO     | wiki_reader:153 | 🔎 检索完成 | 返回 1 条 | 耗时 107.71ms
2026-04-17 18:59:43 | INFO     | nodes:163 | 🔨 [execute_tools] 完成 | 结果=tool_result: 根据长期记忆，相关信息如下：
用户画像
- (未发现用户明确提供的个人信息)
- (未发现用户明确提供的个人信息), step_index: 0... | 耗时=108.37ms
2026-04-17 18:59:43 | INFO     | nodes:173 | ✅ [verification] 开始验证工具结果
2026-04-17 18:59:43 | INFO     | wiki_reader:139 | 🔎 检索查询: 我的名字叫小明，你叫什么名字？ 根据长期记忆，相关信息如下：
用户画像
- (未发现用户明确提供的个人信息)
- (未发现用户明确提供的个人信息)...
2026-04-17 18:59:43 | INFO     | wiki_reader:153 | 🔎 检索完成 | 返回 3 条 | 耗时 123.70ms
2026-04-17 19:00:11 | INFO     | nodes:195 | ⚠️ [error_check] 开始错误检查
2026-04-17 19:00:11 | INFO     | wiki_reader:139 | 🔎 检索查询: 根据长期记忆，相关信息如下：
用户画像
- (未发现用户明确提供的个人信息)
- (未发现用户明确提供的个人信息)...
2026-04-17 19:00:11 | INFO     | wiki_reader:153 | 🔎 检索完成 | 返回 1 条 | 耗时 119.99ms
2026-04-17 19:00:25 | INFO     | nodes:208 | ⚠️ [error_check] 完成 | 耗时=14224.26ms
2026-04-17 19:00:25 | WARNING  | controller:80 | ❌ 步骤 1 验证失败或发现错误，准备重新规划
2026-04-17 19:00:25 | INFO     | controller:90 | 🔄 需要重新规划，增加迭代次数
2026-04-17 19:00:25 | INFO     | nodes:13 | 🔧 [should_use_tools] 开始判断是否需要工具
2026-04-17 19:00:25 | INFO     | nodes:26 | 🔧 [should_use_tools] 完成 | need_tools=True | 耗时=447.16ms
2026-04-17 19:00:25 | INFO     | controller:38 | 🔍 是否需要工具: True
2026-04-17 19:00:25 | INFO     | nodes:32 | 📋 [planning] 开始生成计划
2026-04-17 19:00:25 | INFO     | wiki_reader:139 | 🔎 检索查询: 我的名字叫小明，你叫什么名字？...
2026-04-17 19:00:25 | INFO     | wiki_reader:153 | 🔎 检索完成 | 返回 3 条 | 耗时 93.74ms
2026-04-17 19:00:45 | INFO     | controller:53 | 📝 生成计划，共 1 步
2026-04-17 19:00:45 | INFO     | controller:57 | 🔢 执行步骤 1/1
2026-04-17 19:00:45 | INFO     | nodes:84 | ⚙️ [prepare_tools] 开始准备工具参数
2026-04-17 19:00:45 | INFO     | nodes:135 | ⚙️ [prepare_tools] 完成 | 工具=recall_long_term_memory | 参数={} | 耗时=0.03ms
2026-04-17 19:00:45 | INFO     | nodes:143 | 🔨 [execute_tools] 开始执行工具
2026-04-17 19:00:45 | INFO     | nodes:168 | 🔨 [execute_tools] 完成 | 结果=tool_result: 执行失败: 1 validation error for RecallMemoryInput
query
  Field required [type=missing, input_value={}, input_type=dict]
    For further information visit https://errors.pydantic.dev/2.10/v/... | 耗时=0.26ms
2026-04-17 19:00:45 | INFO     | nodes:173 | ✅ [verification] 开始验证工具结果
2026-04-17 19:00:45 | INFO     | wiki_reader:139 | 🔎 检索查询: 我的名字叫小明，你叫什么名字？ 执行失败: 1 validation error for RecallMemoryInput
query
  Field required [type=missing,...
2026-04-17 19:00:45 | INFO     | wiki_reader:153 | 🔎 检索完成 | 返回 3 条 | 耗时 89.22ms
2026-04-17 19:01:12 | INFO     | nodes:195 | ⚠️ [error_check] 开始错误检查
2026-04-17 19:01:12 | INFO     | wiki_reader:139 | 🔎 检索查询: 执行失败: 1 validation error for RecallMemoryInput
query
  Field required [type=missing, input_value={},...
2026-04-17 19:01:12 | INFO     | wiki_reader:153 | 🔎 检索完成 | 返回 1 条 | 耗时 100.97ms
2026-04-17 19:01:21 | INFO     | nodes:208 | ⚠️ [error_check] 完成 | 耗时=9039.37ms
2026-04-17 19:01:21 | WARNING  | controller:80 | ❌ 步骤 1 验证失败或发现错误，准备重新规划
2026-04-17 19:01:21 | INFO     | controller:90 | 🔄 需要重新规划，增加迭代次数
2026-04-17 19:01:21 | INFO     | nodes:13 | 🔧 [should_use_tools] 开始判断是否需要工具
2026-04-17 19:01:21 | INFO     | nodes:26 | 🔧 [should_use_tools] 完成 | need_tools=True | 耗时=472.72ms
2026-04-17 19:01:21 | INFO     | controller:38 | 🔍 是否需要工具: True
2026-04-17 19:01:21 | INFO     | nodes:32 | 📋 [planning] 开始生成计划
2026-04-17 19:01:21 | INFO     | wiki_reader:139 | 🔎 检索查询: 我的名字叫小明，你叫什么名字？...
2026-04-17 19:01:21 | INFO     | wiki_reader:153 | 🔎 检索完成 | 返回 3 条 | 耗时 102.59ms
2026-04-17 19:01:42 | INFO     | controller:53 | 📝 生成计划，共 1 步
2026-04-17 19:01:42 | INFO     | controller:57 | 🔢 执行步骤 1/1
2026-04-17 19:01:42 | INFO     | nodes:84 | ⚙️ [prepare_tools] 开始准备工具参数
2026-04-17 19:01:42 | INFO     | nodes:135 | ⚙️ [prepare_tools] 完成 | 工具=web_search | 参数={'query': 'AI 助手名字'} | 耗时=0.04ms
2026-04-17 19:01:42 | INFO     | nodes:143 | 🔨 [execute_tools] 开始执行工具
2026-04-17 19:01:42 | INFO     | nodes:163 | 🔨 [execute_tools] 完成 | 结果=tool_result: 错误：未设置 TAVILY_API_KEY, step_index: 0... | 耗时=0.46ms
2026-04-17 19:01:42 | INFO     | nodes:173 | ✅ [verification] 开始验证工具结果
2026-04-17 19:01:42 | INFO     | wiki_reader:139 | 🔎 检索查询: 我的名字叫小明，你叫什么名字？ 错误：未设置 TAVILY_API_KEY...
2026-04-17 19:01:42 | INFO     | wiki_reader:153 | 🔎 检索完成 | 返回 3 条 | 耗时 104.87ms
2026-04-17 19:02:04 | INFO     | nodes:195 | ⚠️ [error_check] 开始错误检查
2026-04-17 19:02:04 | INFO     | wiki_reader:139 | 🔎 检索查询: 错误：未设置 TAVILY_API_KEY...
2026-04-17 19:02:04 | INFO     | wiki_reader:153 | 🔎 检索完成 | 返回 1 条 | 耗时 87.84ms
2026-04-17 19:02:13 | INFO     | nodes:208 | ⚠️ [error_check] 完成 | 耗时=9117.93ms
2026-04-17 19:02:13 | WARNING  | controller:80 | ❌ 步骤 1 验证失败或发现错误，准备重新规划
2026-04-17 19:02:13 | INFO     | controller:90 | 🔄 需要重新规划，增加迭代次数
2026-04-17 19:02:13 | INFO     | nodes:219 | 💬 [output] 开始生成最终回答
2026-04-17 19:02:33 | INFO     | nodes:236 | 💬 [output] 完成 | 回答长度=162 | 耗时=20000.28ms
2026-04-17 19:02:33 | INFO     | controller:99 | 🏁 自省循环结束，返回最终答案
2026-04-17 19:24:07 | INFO     | controller:17 | 🚀 开始自省循环
2026-04-17 19:24:07 | INFO     | nodes:13 | 🔧 [should_use_tools] 开始判断是否需要工具
2026-04-17 19:24:18 | INFO     | nodes:26 | 🔧 [should_use_tools] 完成 | need_tools=False | 耗时=10425.44ms
2026-04-17 19:24:18 | INFO     | controller:38 | 🔍 是否需要工具: False
2026-04-17 19:24:18 | INFO     | controller:40 | 🚫 无需工具，直接输出
2026-04-17 19:24:18 | INFO     | nodes:238 | 💬 [output] 开始生成最终回答
2026-04-17 19:24:19 | INFO     | nodes:263 | 💬 [output] 完成 | 回答长度=18 | 耗时=943.06ms
2026-04-17 19:24:19 | INFO     | controller:42 | 🏁 自省循环结束（无工具路径）
2026-04-17 19:24:44 | INFO     | controller:17 | 🚀 开始自省循环
2026-04-17 19:24:44 | INFO     | nodes:13 | 🔧 [should_use_tools] 开始判断是否需要工具
2026-04-17 19:24:47 | INFO     | nodes:26 | 🔧 [should_use_tools] 完成 | need_tools=True | 耗时=2848.45ms
2026-04-17 19:24:47 | INFO     | controller:38 | 🔍 是否需要工具: True
2026-04-17 19:24:47 | INFO     | nodes:32 | 📋 [planning] 开始生成计划
2026-04-17 19:24:47 | INFO     | wiki_reader:139 | 🔎 检索查询: 你还记得我是谁吗？...
2026-04-17 19:24:48 | INFO     | wiki_reader:153 | 🔎 检索完成 | 返回 3 条 | 耗时 1555.87ms
2026-04-17 19:24:56 | INFO     | nodes:78 | 📋 [planning] 完成 | 步骤数=1 | 计划={"steps":[{"tool":"recall_long_term_memory","params":{},"depends_on":null}]}... | 耗时=9171.71ms
2026-04-17 19:24:56 | INFO     | controller:53 | 📝 生成计划，共 1 步
2026-04-17 19:24:56 | INFO     | controller:57 | 🔢 执行步骤 1/1
2026-04-17 19:24:56 | INFO     | nodes:84 | ⚙️ [prepare_tools] 开始准备工具参数
2026-04-17 19:24:56 | INFO     | nodes:135 | ⚙️ [prepare_tools] 完成 | 工具=recall_long_term_memory | 参数={} | 耗时=0.04ms
2026-04-17 19:24:56 | INFO     | nodes:143 | 🔨 [execute_tools] 开始执行工具
2026-04-17 19:24:56 | INFO     | nodes:168 | 🔨 [execute_tools] 完成 | 结果=tool_result: 执行失败: 1 validation error for RecallMemoryInput
query
  Field required [type=missing, input_value={}, input_type=dict]
    For further information visit https://errors.pydantic.dev/2.10/v/... | 耗时=1.13ms
2026-04-17 19:24:56 | INFO     | nodes:173 | ✅ [verification] 开始验证工具结果
2026-04-17 19:24:56 | INFO     | wiki_reader:139 | 🔎 检索查询: 你还记得我是谁吗？ 执行失败: 1 validation error for RecallMemoryInput
query
  Field required [type=missing, input...
2026-04-17 19:24:56 | INFO     | wiki_reader:153 | 🔎 检索完成 | 返回 3 条 | 耗时 89.44ms
2026-04-17 19:25:16 | INFO     | nodes:194 | ✅ [verification] 完成 | passed=True | 耗时=20498.49ms
2026-04-17 19:25:16 | INFO     | nodes:199 | ⚠️ [error_check] 开始错误检查
2026-04-17 19:25:16 | INFO     | wiki_reader:139 | 🔎 检索查询: 执行失败: 1 validation error for RecallMemoryInput
query
  Field required [type=missing, input_value={},...
2026-04-17 19:25:16 | INFO     | wiki_reader:153 | 🔎 检索完成 | 返回 1 条 | 耗时 88.83ms
2026-04-17 19:25:17 | INFO     | nodes:227 | ⚠️ [error_check] 没通过 | 耗时=467.08ms
2026-04-17 19:25:17 | WARNING  | controller:80 | ❌ 步骤 1 验证失败或发现错误，准备重新规划
2026-04-17 19:25:17 | INFO     | controller:90 | 🔄 需要重新规划，增加迭代次数
2026-04-17 19:25:17 | INFO     | nodes:13 | 🔧 [should_use_tools] 开始判断是否需要工具
2026-04-17 19:25:17 | INFO     | nodes:26 | 🔧 [should_use_tools] 完成 | need_tools=True | 耗时=459.98ms
2026-04-17 19:25:17 | INFO     | controller:38 | 🔍 是否需要工具: True
2026-04-17 19:25:17 | INFO     | nodes:32 | 📋 [planning] 开始生成计划
2026-04-17 19:25:17 | INFO     | wiki_reader:139 | 🔎 检索查询: 你还记得我是谁吗？...
2026-04-17 19:25:17 | INFO     | wiki_reader:153 | 🔎 检索完成 | 返回 3 条 | 耗时 79.01ms
2026-04-17 19:25:30 | INFO     | nodes:78 | 📋 [planning] 完成 | 步骤数=1 | 计划={"steps":[{"tool":"recall_long_term_memory","params":{},"depends_on":null}]}... | 耗时=12728.23ms
2026-04-17 19:25:30 | INFO     | controller:53 | 📝 生成计划，共 1 步
2026-04-17 19:25:30 | INFO     | controller:57 | 🔢 执行步骤 1/1
2026-04-17 19:25:30 | INFO     | nodes:84 | ⚙️ [prepare_tools] 开始准备工具参数
2026-04-17 19:25:30 | INFO     | nodes:135 | ⚙️ [prepare_tools] 完成 | 工具=recall_long_term_memory | 参数={} | 耗时=0.03ms
2026-04-17 19:25:30 | INFO     | nodes:143 | 🔨 [execute_tools] 开始执行工具
2026-04-17 19:25:30 | INFO     | nodes:168 | 🔨 [execute_tools] 完成 | 结果=tool_result: 执行失败: 1 validation error for RecallMemoryInput
query
  Field required [type=missing, input_value={}, input_type=dict]
    For further information visit https://errors.pydantic.dev/2.10/v/... | 耗时=0.19ms
2026-04-17 19:25:30 | INFO     | nodes:173 | ✅ [verification] 开始验证工具结果
2026-04-17 19:25:30 | INFO     | wiki_reader:139 | 🔎 检索查询: 你还记得我是谁吗？ 执行失败: 1 validation error for RecallMemoryInput
query
  Field required [type=missing, input...
2026-04-17 19:25:30 | INFO     | wiki_reader:153 | 🔎 检索完成 | 返回 3 条 | 耗时 105.26ms
2026-04-17 19:25:41 | INFO     | nodes:194 | ✅ [verification] 完成 | passed=False | 耗时=11266.39ms
2026-04-17 19:25:41 | INFO     | nodes:199 | ⚠️ [error_check] 开始错误检查
2026-04-17 19:25:41 | INFO     | wiki_reader:139 | 🔎 检索查询: 执行失败: 1 validation error for RecallMemoryInput
query
  Field required [type=missing, input_value={},...
2026-04-17 19:25:41 | INFO     | wiki_reader:153 | 🔎 检索完成 | 返回 1 条 | 耗时 94.05ms
2026-04-17 19:25:42 | INFO     | nodes:227 | ⚠️ [error_check] 没通过 | 耗时=596.06ms
2026-04-17 19:25:42 | WARNING  | controller:80 | ❌ 步骤 1 验证失败或发现错误，准备重新规划
2026-04-17 19:25:42 | INFO     | controller:90 | 🔄 需要重新规划，增加迭代次数
2026-04-17 19:25:42 | INFO     | nodes:13 | 🔧 [should_use_tools] 开始判断是否需要工具
2026-04-17 19:25:42 | INFO     | nodes:26 | 🔧 [should_use_tools] 完成 | need_tools=True | 耗时=473.60ms
2026-04-17 19:25:42 | INFO     | controller:38 | 🔍 是否需要工具: True
2026-04-17 19:25:42 | INFO     | nodes:32 | 📋 [planning] 开始生成计划
2026-04-17 19:25:42 | INFO     | wiki_reader:139 | 🔎 检索查询: 你还记得我是谁吗？...
2026-04-17 19:25:42 | INFO     | wiki_reader:153 | 🔎 检索完成 | 返回 3 条 | 耗时 95.54ms
2026-04-17 19:25:46 | INFO     | nodes:78 | 📋 [planning] 完成 | 步骤数=1 | 计划={"steps":[{"tool":"recall_long_term_memory","params":{},"depends_on":null}]}... | 耗时=3208.59ms
2026-04-17 19:25:46 | INFO     | controller:53 | 📝 生成计划，共 1 步
2026-04-17 19:25:46 | INFO     | controller:57 | 🔢 执行步骤 1/1
2026-04-17 19:25:46 | INFO     | nodes:84 | ⚙️ [prepare_tools] 开始准备工具参数
2026-04-17 19:25:46 | INFO     | nodes:135 | ⚙️ [prepare_tools] 完成 | 工具=recall_long_term_memory | 参数={} | 耗时=0.02ms
2026-04-17 19:25:46 | INFO     | nodes:143 | 🔨 [execute_tools] 开始执行工具
2026-04-17 19:25:46 | INFO     | nodes:168 | 🔨 [execute_tools] 完成 | 结果=tool_result: 执行失败: 1 validation error for RecallMemoryInput
query
  Field required [type=missing, input_value={}, input_type=dict]
    For further information visit https://errors.pydantic.dev/2.10/v/... | 耗时=0.18ms
2026-04-17 19:25:46 | INFO     | nodes:173 | ✅ [verification] 开始验证工具结果
2026-04-17 19:25:46 | INFO     | wiki_reader:139 | 🔎 检索查询: 你还记得我是谁吗？ 执行失败: 1 validation error for RecallMemoryInput
query
  Field required [type=missing, input...
2026-04-17 19:25:46 | INFO     | wiki_reader:153 | 🔎 检索完成 | 返回 3 条 | 耗时 101.63ms
2026-04-17 19:25:56 | INFO     | nodes:194 | ✅ [verification] 完成 | passed=True | 耗时=10689.44ms
2026-04-17 19:25:56 | INFO     | nodes:199 | ⚠️ [error_check] 开始错误检查
2026-04-17 19:25:56 | INFO     | wiki_reader:139 | 🔎 检索查询: 执行失败: 1 validation error for RecallMemoryInput
query
  Field required [type=missing, input_value={},...
2026-04-17 19:25:56 | INFO     | wiki_reader:153 | 🔎 检索完成 | 返回 1 条 | 耗时 105.83ms
2026-04-17 19:25:57 | INFO     | nodes:227 | ⚠️ [error_check] 没通过 | 耗时=527.57ms
2026-04-17 19:25:57 | WARNING  | controller:80 | ❌ 步骤 1 验证失败或发现错误，准备重新规划
2026-04-17 19:25:57 | INFO     | controller:90 | 🔄 需要重新规划，增加迭代次数
2026-04-17 19:25:57 | INFO     | nodes:238 | 💬 [output] 开始生成最终回答
2026-04-17 19:26:00 | INFO     | nodes:263 | 💬 [output] 完成 | 回答长度=117 | 耗时=2918.44ms
2026-04-17 19:26:00 | INFO     | controller:99 | 🏁 自省循环结束，返回最终答案
2026-04-17 22:12:10 | INFO     | wiki_reader:41 | Loaded 4 documents
2026-04-17 22:13:44 | INFO     | wiki_reader:41 | Loaded 4 documents
2026-04-17 22:27:39 | INFO     | wiki_reader:41 | Loaded 4 documents
2026-04-17 22:30:29 | INFO     | wiki_reader:41 | Loaded 4 documents
2026-04-17 22:31:10 | INFO     | controller:38 | Think: 思考：
1. **关键问题**：用户仅发送了问候语“hi”，核心意图尚未明确。需要判断用户是进行闲聊测试、寻求功能介绍，还是有具体任务但尚未输入。
2. **分析角度**：
   *   **交互层级**：当前处于对话的起始阶段，缺乏上下文信息，无法确定后续任务的复杂度和领域。
   *   **情感/语气**：用户输入简短、非正式，需保持友好、开放的态度，避免过于机械或正式。
   *   **...
2026-04-17 22:32:05 | INFO     | controller:43 | Connect: 连接思考：
1. **意图深度解码**：用户发送"hi"通常意味着对话门槛的降低。这不仅是简单的打招呼，更是用户确认 AI 是否可用的“测试”，或是单纯寻求陪伴的信号。需判断用户是处于“探索期”还是“任务期”，而非仅仅停留在“问候”层面。
2. **角色定位平衡**：在“工具属性”与“社交属性”之间寻找平衡点。如果过度强调工具性（如“请问有什么可以帮您”），可能显得冷漠且生硬；如果完全社交化，则浪...
2026-04-17 22:33:46 | INFO     | controller:48 | Reflect: ...
2026-04-17 22:36:13 | INFO     | wiki_reader:41 | Loaded 4 documents
2026-04-17 22:36:29 | INFO     | controller:38 | Think: 思考：用户仅发送了"hi"这一简单的问候语，未包含明确的任务指令或具体问题。首先需要判断用户当前的意图：是开启对话、测试模型响应、需要引导性提问，还是存在后续未发送的内容？其次，考虑到推理库的调用机制，当前阶段不宜进行深度逻辑推理或生成复杂分析，而应侧重于建立友好互动的基调，并主动引导用户提出具体需求。最后，需保持回复的简洁性与开放性，避免过度解读，同时为后续可能的复杂推理任务预留接口。

关键问...
2026-04-17 22:36:32 | INFO     | controller:43 | Connect: 连接思考：用户发送的"hi"属于典型的开放式问候，核心意图是建立对话连接或测试模型响应能力。此时若直接进行复杂推理会显得生硬且缺乏针对性，而过度追问“你需要什么”可能显得机械。最佳策略是采用“友好回应 + 场景化引导”模式，通过列举常见使用场景（如数据分析、代码编写、创意写作等）降低用户表达门槛，同时保持回复的简洁性和开放性。需避免使用专业术语或预设用户身份，确保不同背景的用户都能轻松接话。

具...
2026-04-17 22:36:38 | INFO     | controller:48 | Reflect: 反思：当前方案虽然涵盖了常见场景，但“非正式列表”在纯文本交互中可能显得结构不够清晰，且"3-4 个场景”的硬性列举可能略显刻板。对于初次对话的用户，过多的选项反而可能增加认知负担，不如提供一个更宽泛的“万能入口”，让用户自己定义需求。此外，将“数据、代码、写作”等具体场景直接抛出，可能无意中预设了用户的技术背景，对于完全非技术背景的用户不够友好。

改进建议：
1. **简化结构**：去掉列表形...
2026-04-17 22:37:26 | INFO     | controller:38 | Think: 思考：
1. **确认基础数学定义**：首先明确"1"和"1"在标准算术中的含义，即自然数中的单位数。
2. **识别运算类型**：用户提问中的“等于”暗示了加法运算（通常语境下，若无特殊符号，"1+1"指代加法）。
3. **执行计算**：根据加法公理，两个单位数相加应得到两个单位数。
4. **排除歧义**：确认是否存在非标准语境（如模运算、向量加法等），但在日常对话中通常指标准整数加法。
5...
2026-04-17 22:37:27 | INFO     | controller:43 | Connect: 连接思考：基于标准算术公理，加法具有封闭性和结合性，两个单位自然数相加必然产生二。在日常语言交互中，需优先满足用户的确定性需求，避免过度解读非数学语境（如二进制、模运算或集合论），除非用户明确指定。
具体方案：直接输出“等于 2"，并简要说明这是基于自然数加法的基本事实。...
2026-04-17 22:37:33 | INFO     | controller:48 | Reflect: 反思：原方案过于机械地执行了“直接输出数字”的指令，忽略了大模型作为智能助手应具备的**解释性**和**服务性**。虽然“等于 2"是正确答案，但在没有上下文（如二进制、模运算等）的情况下，用户可能期望一个更自然、更具教育意义或符合日常语境的回答。此外，原方案中的“连接思考”部分虽然逻辑正确，但未能充分考虑到不同用户群体（如儿童、初学者）对简单数学问题的认知习惯，直接冷冰冰地陈述结论可能缺乏亲和力...
2026-04-17 22:38:20 | INFO     | controller:38 | Think: 思考：用户仅输入了“牛”这一字，未提供具体语境，因此需从多维度进行初步拆解：
1. **语义歧义分析**：“牛”可能指代动物（牛类）、生肖（牛年）、职业（牛人）、成语（如“牛头马面”）、单位（牛币）或网络流行语（如“牛马”）。
2. **用户意图推测**：用户可能是在测试 AI 的多义性处理能力，或隐含未说出的需求（如“牛有什么特点？”“牛年运势如何？”）。
3. **安全与合规检查**：需排除潜...
2026-04-17 22:38:27 | INFO     | controller:43 | Connect: 连接思考：用户输入单字“牛”，属于典型的**多义词指代**场景。在中文语境下，“牛”的指代范围极广，涵盖生物学分类（牛科动物）、时间周期（生肖牛年）、社会称谓（打工人/牛人）、文化典故（牛郎织女）以及网络俚语（牛马）。若直接回答某一方面（如仅介绍动物习性），极易造成信息错位，导致用户困惑。因此，回复策略必须采取"**全覆盖列举 + 交互式引导**"的模式：先通过分类清晰罗列“牛”的常见维度，展示 ...
2026-04-17 22:38:37 | INFO     | controller:48 | Reflect: 反思：
在构思回复策略时，我注意到虽然采用了“全覆盖列举 + 交互式引导”的模式，但在**逻辑闭环**与**语境敏感度**上仍存在潜在漏洞：
1.  **语境缺失导致的“过度解释”风险**：用户输入单字“牛”，极大概率是在进行闲聊、测试 AI 反应或引用当下的网络热点（如“牛马”），而非严肃查询百科全书。若强行构建过于宏大的“知识图谱”，可能会让对话显得生硬、像在读说明书，削弱了互动的自然感。
2...
2026-04-17 22:39:13 | INFO     | controller:38 | Think: 思考：用户询问了“刚刚都聊了些什么”，这表明他们希望回顾当前的对话历史。然而，作为一个人工智能模型，我的对话上下文是会话驱动的，通常每次新的对话请求对我来说都是一个全新的起点（除非当前会话窗口保留了之前的内容）。因此，我实际上无法直接“回忆”起在用户发起这次请求之前我们具体聊过什么，因为我没有访问过去独立会话中记录的记忆。

针对这一情况，我需要澄清以下关键点：
1. **上下文限制**：确认用户...
2026-04-17 22:39:21 | INFO     | controller:43 | Connect: 连接思考：用户询问“刚刚都聊了些什么”，这通常意味着他们期望我能提供连续的记忆服务。然而，作为一个人工智能模型，我的核心机制决定了每个新的对话请求（或新会话窗口）对我来说都是独立的起点。除非当前的对话上下文窗口中包含了之前的聊天记录，否则我无法回溯过去独立会话中的内容。

用户可能处于以下几种情境之一：
1. **误以为我有长期记忆**：用户可能认为我是一个拥有持久记忆的智能体，能记住跨天、跨周的...
2026-04-17 22:39:30 | INFO     | controller:48 | Reflect: 反思：
1. **逻辑漏洞**：虽然“每次对话都是独立的”是事实，但过于生硬地强调“我没有记忆”可能会让用户感到沮丧或怀疑我的智能程度。实际上，大多数现代 AI 界面（如本模型所在的平台）通常会有侧边栏的历史记录功能，用户可能只是忘记点击或找不到入口。因此，直接说“我无法访问”可能不如引导用户去查找历史记录来得有效。
2. **情境假设偏差**：思考中假设用户一定是在“新会话”中，但用户提问的语境...
2026-04-17 22:40:07 | INFO     | controller:38 | Think: 思考：
当前会话尚未提供任何具体的用户查询、任务背景或上下文信息。为了有效推进对话，我需要先明确以下关键问题和分析角度：

1. **用户意图识别**：用户希望解决什么问题？是寻求信息、需要决策支持、存在技术故障，还是其他类型的任务？
2. **上下文缺失**：当前对话是否为新会话？若无历史数据，需确认用户的具体需求或场景。
3. **资源限制**：用户是否有特定约束（如时间、预算、技术条件）？
...
2026-04-17 22:40:15 | INFO     | controller:43 | Connect: 连接思考：当前会话处于“空状态”，即缺乏任何具体的用户输入、历史上下文或明确的任务目标。作为 AI 助手，我无法在没有用户具体指令的情况下凭空猜测用户的意图（例如是写代码、分析数据、创作故事还是查询事实）。若直接输出一个预设方案（如“推荐三个 AI 工具”），极易导致回复偏离用户真实需求，降低交互效率。因此，最合理的策略是执行“破冰”动作：通过结构化提问引导用户补充背景信息，同时展示我的核心能力范...
2026-04-17 22:40:25 | INFO     | controller:48 | Reflect: 反思：
当前方案整体逻辑清晰，策略采用了“确认状态 + 能力展示 + 引导提问”的经典破冰模式，能够有效避免 AI 在无上下文时的“幻觉”或无效输出。
**存在的漏洞与不足：**
1. **用户心理门槛**：对于习惯直接对话的普通用户，列出三个维度的引导性问题（场景、技术、创意）可能会增加“选择负担”，导致用户感到需要思考才能回复，反而降低了交互效率。部分用户可能希望 AI 直接给出一个通用的“万...
2026-04-17 22:43:55 | INFO     | wiki_reader:41 | Loaded 4 documents
2026-04-17 22:44:12 | INFO     | controller:38 | Think: 思考：
1.  **身份确认与个性化**：用户自报姓名“小明”，这是一个常见的占位符或昵称。需确认用户是否希望后续对话以“小明”称呼，还是保持通用称呼。
2.  **意图分析**：用户仅进行自我介绍，未提出具体请求。需判断其目的是测试系统反应、开启闲聊，还是准备提出复杂任务前的铺垫。
3.  **上下文状态**：当前对话历史为空，属于单轮交互。需建立初始的友好语境，引导用户表达更多需求。
4.  ...
2026-04-17 22:44:16 | INFO     | controller:43 | Connect: 连接思考：用户仅进行自我介绍，未提出具体任务，需构建友好语境并建立“名字记忆”的心理预期。在回复中，应明确复述“小明”以确认身份，同时避免过度承诺记忆能力（除非系统实际具备该功能），重点转向引导用户表达需求，使对话自然过渡到实质性交互。
具体方案：
1. **身份确认**：在回复中直接复述“小明”这一称呼，并表达“很高兴认识您”的友好态度。
2. **能力暗示**：温和提示“我会记住您的名字”，让...
2026-04-17 22:44:17 | INFO     | controller:48 | Reflect: 你好，小明！很高兴认识你。我会记住您的名字，希望以后能为您提供更贴心的帮助。今天有什么想聊的吗？或者有什么我可以帮您的？...
2026-04-17 22:45:50 | INFO     | controller:38 | Think: 思考：
1. **信息源确认**：当前对话上下文或系统提示中是否包含用户的身份信息？通常在此类通用对话场景中，用户未主动提供名字时，系统默认不知晓。
2. **隐私与安全原则**：作为 AI 助手，是否具备主动查询或获取用户个人身份信息的能力？根据设计准则，AI 不应主动索取或存储用户隐私数据。
3. **上下文依赖**：该问题是否依赖于之前的对话历史？若这是首次交互，则缺乏必要的前置信息。
4....
2026-04-17 22:46:00 | INFO     | controller:43 | Connect: 连接思考：
1. **信息源确认与隐私边界**：在当前对话上下文中，用户尚未提供任何身份信息。作为 AI 助手，我必须严格遵循隐私保护原则，不具备主动查询、存储或推断用户真实姓名（如“张三”、“李四”）的能力，也不能假设任何默认名字。
2. **意图深度分析**：用户询问“我的名字叫什么”，可能存在多种深层意图：
   - **误操作/口误**：用户可能本想问“你的名字叫什么”或是在测试 AI 的...
2026-04-17 22:46:09 | INFO     | controller:48 | Reflect: 反思：
1.  **逻辑闭环性不足**：虽然核心回答准确（不知道名字），但“请反思合理性、漏洞”这一指令要求模型跳出原本的对话流，进行元认知层面的自我批判，这本身是一个逻辑上的“跳出”操作。
2.  **隐私边界的表述略显生硬**：虽然解释了原因，但将“无法查询”完全归咎于“隐私保护原则”，忽略了技术事实（即 AI 确实没有后台数据库存储用户姓名），可能会让用户产生“你其实有权限但我没给”的误解，...
2026-04-17 22:57:33 | INFO     | wiki_reader:41 | Loaded 4 documents
2026-04-17 22:57:47 | INFO     | controller:46 | Think: 思考：用户发送了简单的问候语"hi"，这通常是一个非正式的开场白，可能预示着多种潜在意图。作为 AI 助手，我需要先确认用户的当前需求状态：是单纯测试系统响应、寻求闲聊陪伴、还是准备进入具体的任务场景（如编程、写作、查询等）？此外，考虑到用户未提供任何上下文或具体问题，我的回复策略应侧重于保持友好、开放的态度，并主动引导用户表达更明确的需求，以避免后续沟通出现偏差。需要避免过度解读单一问候语，同时...
2026-04-17 22:57:52 | INFO     | controller:51 | Connect: 连接思考：用户发送的"hi"虽然简短，但作为对话的起点，其核心目标在于建立连接并试探系统能力。根据初步思考，当前缺乏具体指令意味着用户处于“待机状态”或“探索状态”。此时，回复策略不应只是机械的“你好”，而应通过展示多功能性（如支持编程、写作、闲聊、信息查询等）来激发用户的表达欲，同时保持低压力、高开放度的氛围，避免让用户感到被催促或困惑。

具体方案：
1. **友好回应**：以热情自然的语气回...
2026-04-17 22:57:57 | INFO     | controller:56 | Reflect: 反思：当前方案存在两个潜在漏洞。第一，“列举服务场景”虽然能展示能力，但可能显得像功能菜单，若用户此刻并无明确需求，反而增加了认知负担；第二，“今天有什么想尝试的吗？”这种开放式提问略显空泛，对于初次互动的用户，缺乏具体的“切入点”或“钩子”，可能导致用户不知道如何具体回复（例如该问一个问题还是说一个故事？）。此外，表情符号的使用虽能拉近距离，但在纯文本或严肃语境下可能显得不够稳重。

改进建议：...
2026-04-17 22:58:16 | INFO     | controller:46 | Think: 思考：
1. **身份确认**：用户直接询问“你是谁”，这是一个关于自我定义的元认知问题。作为基于大语言模型的人工智能，我需要明确自己的本质（AI 助手）而非人类身份。
2. **核心功能**：思考用户提问的潜在意图。用户可能是在初次接触，想了解我的能力范围；或者是测试我的回答风格；亦或是寻求具体的帮助。
3. **回答策略**：回答应简洁、友好且准确。需要表明自己是人工智能助手，同时强调我的核心...
2026-04-17 22:58:22 | INFO     | controller:51 | Connect: 连接思考：面对“你是谁”这一基础元认知问题，核心在于平衡“身份声明”与“功能引导”。作为人工智能，我既不是人类，也不具备人类的情感或社会身份，因此必须清晰界定为"AI 助手”，避免产生拟人化误解。同时，用户提问的动机多样：可能是初次探索、测试反应速度，或是隐含的求助信号。因此，回答结构需包含三个层次：第一层是精准的自我定义（非人类、大语言模型）；第二层是核心能力的具象化列举（文本创作、逻辑分析、知...
2026-04-17 22:58:30 | INFO     | controller:56 | Reflect: 反思：
当前回答方案在逻辑结构和风格把控上基本合理，严格遵循了“身份锚定 - 能力映射 - 行动导向”的三层递进逻辑，有效避免了拟人化陷阱。然而，存在一个潜在的优化空间：虽然强调了“服务者”姿态，但作为大语言模型，其核心优势不仅限于“解答、创作、分析”这三个通用场景，还具备**跨模态理解**（如处理图表、代码、多语言）、**实时信息检索**（若具备联网能力）以及**复杂任务规划**等更深层的能力。...
2026-04-17 22:59:20 | INFO     | controller:46 | Think: 思考：
1.  **需求分析**：用户的核心需求是使用 C 语言实现一个计算 1 到 10 累加和的程序。任务非常明确，无需复杂的算法设计，重点在于代码结构的正确性。
2.  **逻辑拆解**：
    *   **变量定义**：需要一个整型变量 `sum` 用于存储累加结果，初始值应为 0。
    *   **循环结构**：使用 `for` 循环是最自然的选择，因为它能清晰地表达“从某个值开始...
2026-04-17 22:59:29 | INFO     | controller:51 | Connect: 连接思考：...
用户的核心需求非常基础且明确：使用 C 语言计算 1 到 10 的累加和。虽然看似简单，但为了确保代码的健壮性和可移植性，我们需要关注以下几个关键点：
1.  **标准库引用**：必须包含 `<stdio.h>` 以使用 `printf` 输出结果。
2.  **主函数规范**：遵循 C 语言标准，使用 `int main(void)` 或 `int main()` 作为入口点。...
2026-04-17 22:59:38 | INFO     | controller:56 | Reflect: 反思：
1.  **逻辑完整性**：代码逻辑完全正确，涵盖了头文件引入、主函数定义、变量初始化、循环累加和结果输出所有必要步骤。
2.  **边界条件**：循环范围 `i <= 10` 准确覆盖了 1 到 10 的所有整数，`sum` 初始化为 0 是累加运算的标准做法，避免了逻辑错误。
3.  **可移植性**：`int` 类型在绝大多数现代编译器和系统中都能容纳 55 这个结果，无需特殊处理。...
2026-04-17 23:01:30 | INFO     | controller:46 | Think: 思考：
1.  **明确核心事实**：水的沸点是一个在标准大气压下定义的物理常数，即 100 摄氏度（212 华氏度）。
2.  **考虑变量因素**：沸点并非固定不变，它会随着外界气压的变化而改变。例如，在高海拔地区（气压低），水的沸点会低于 100℃；而在高压环境下（如高压锅），沸点会高于 100℃。
3.  **界定回答范围**：在回答时，需要区分“标准情况下的沸点”和“一般情况下的沸点”，...
2026-04-17 23:01:37 | INFO     | controller:51 | Connect: 连接思考：用户询问水的沸点，这是一个基础但需要严谨回答的科学问题。核心事实是标准大气压（101.325 kPa）下水的沸点为 100℃，这是日常认知的基础。然而，必须指出沸点受气压影响的物理特性，否则回答会显得片面。例如，在珠穆朗玛峰顶，气压低，沸点可能降至 70℃左右；而在高压锅中，沸点可超过 120℃。此外，虽然水的纯度理论上不影响沸点（忽略微量杂质影响），但实际生活中杂质可能导致沸点微升，不...
2026-04-17 23:01:42 | INFO     | controller:56 | Reflect: 反思：在回答“水的沸点”这一基础科学问题时，直接给出"100℃"作为定值虽然符合日常认知，但忽略了物理学中“相变温度随压强变化”的核心原理。如果只说"100℃"，用户可能会误以为在任何地方、任何条件下水沸腾都是 100℃，这在实际应用（如高原烹饪、工业蒸馏）中会导致认知偏差。此外，虽然提到了杂质影响，但将其作为次要因素处理是合理的，因为对于一般性问答，气压的影响远大于微量杂质带来的沸点升高（通常每...
2026-04-17 23:05:02 | INFO     | controller:46 | Think: 思考：
1. **明确基本定义**：水的沸点是指水在标准大气压（101.325 kPa）下从液态转变为气态时的温度。
2. **确认核心数值**：在标准条件下，这一温度是固定的，即 100 摄氏度。
3. **考虑变量因素**：沸点会随环境气压变化（如高海拔地区气压低，沸点降低），是否需要提及这一科学细节取决于回答的深度，但基础回答应首先给出标准值。
4. **单位确认**：用户询问的是“摄氏度”...
2026-04-17 23:05:07 | INFO     | controller:51 | Connect: 连接思考：用户询问的是一个基础科学常识问题，核心在于准确提供标准大气压下的沸点数值（100°C）。虽然思考过程中已经识别了气压对沸点的影响这一关键变量，但在构建最终回答时，为了体现专业性和严谨性，必须在给出标准值的同时简要提及非标准环境下的变化，避免用户产生“在任何地方水都是 100 度沸腾”的误解。因此，回答结构应遵循“给出标准答案 -> 补充必要前提（标准大气压） -> 延伸说明（气压影响）”...
2026-04-17 23:05:14 | INFO     | controller:56 | Reflect: 反思：
该回答逻辑清晰，结构完整，准确抓住了科学常识问题的核心（标准值）与变量（气压影响）。它遵循了“给出答案 -> 说明前提 -> 延伸应用”的黄金法则，既提供了用户最需要的直接信息（100°C），又避免了常见的认知误区（认为沸点恒定）。特别是在解释机制时，区分了“气压降低沸点降低”和“气压升高沸点升高”两个方向，并辅以高原和高压锅的具体场景，具有很强的实用价值。没有发现明显的逻辑漏洞或事实错误...
2026-04-17 23:05:20 | INFO     | controller:46 | Think: 思考：目前您尚未提供具体的用户问题或待解决的任务场景，因此无法针对具体情境进行针对性的推理分析。

为了给您提供高质量的“关键问题”和“分析角度”，请补充以下信息：
1. **具体场景**：例如是技术故障排查、逻辑谜题解答、商业案例分析还是日常对话？
2. **已知条件**：目前掌握的事实数据或背景信息。
3. **目标结论**：您希望最终推导出的结果或解决的方向是什么？

一旦您提供上述内容，我...
2026-04-17 23:05:23 | INFO     | controller:51 | Connect: 您好！我注意到您提供的输入中包含了一个“初步思考”模块，其中指出**尚未提供具体的用户问题或待解决的任务场景**。这似乎是一个模板或系统提示的残留，而非您希望我实际处理的当前任务。

为了能够真正帮助您，**请直接告诉我您当前面临的具体问题、挑战或需要分析的情境**。例如：
- 您是否遇到了某个技术故障？
- 是否需要解一道逻辑谜题？
- 是否有商业案例需要分析？
- 或者只是日常对话中的某个困惑...
2026-04-17 23:05:30 | INFO     | controller:56 | Reflect: 反思：当前的输入实际上是一个系统自身的“元提示”或“自检模块”残留，它正确识别了用户并未提供具体的任务内容，但未能直接将其转化为对用户友好的引导，而是以“连接思考”的形式复述了自身逻辑。这导致回复虽然逻辑自洽，却略显冗余，未能更直接地激发用户的表达欲望。此外，输出格式中要求的“失败案例、教训”部分在当前语境下缺乏对应的具体失败场景作为素材，导致该部分内容空洞。

改进建议：
1. **简化引导话术...
2026-04-17 23:08:54 | INFO     | __main__:60 | Extracting remaining knowledge before exit...
2026-04-17 23:09:00 | INFO     | wiki_writer:40 | Written to reasoning: Exit_20260417_230900_reasoning
2026-04-17 23:09:00 | INFO     | wiki_writer:40 | Written to experience: Exit_20260417_230900_experience
2026-04-17 23:09:00 | INFO     | wiki_writer:40 | Written to memory: Exit_20260417_230900_memory
2026-04-17 23:14:26 | INFO     | wiki_reader:41 | Loaded 8 documents
2026-04-17 23:14:44 | INFO     | controller:46 | Think: 思考：
首先，需要厘清两个前提的逻辑结构。第一个前提“所有 A 都是 B"在集合论中意味着集合 A 完全包含于集合 B（$A \subseteq B$），即 A 是 B 的子集；第二个前提“有些 B 是 C"意味着集合 B 与集合 C 有非空交集（$B \cap C \neq \emptyset$）。

核心矛盾点在于：虽然 A 完全在 B 内部，但 B 与 C 的交集（即那些既是 B 又是 C ...
2026-04-17 23:15:00 | INFO     | controller:51 | Connect: 连接思考：
在初步思考中，我们正确地识别了该逻辑推理的失败原因，即违反了三段论的“中项不周延”规则。然而，我们可以进一步深化思考，从**集合论的几何直观**与**逻辑谓词的辖域**两个维度来构建更严谨的论证方案。

首先，从集合论角度看，"所有 A 都是 B"定义了 $A \subseteq B$，而"有些 B 是 C"仅表明 $B \cap C \neq \emptyset$。关键在于 $B \...
2026-04-17 23:15:19 | INFO     | controller:56 | Reflect: ### 反思
经过对初步思考和连接思考的复盘，整体逻辑推导过程是**高度合理且严谨**的，但在个别表述和深度挖掘上仍有优化空间：

1.  **逻辑定性准确**：
    *   正确识别了核心谬误为“中项不周延”（Undistributed Middle）。
    *   准确区分了“必然性推理”与“可能性推理”的界限。原命题只能得出“可能有些 A 是 C"，而不能得出“必然有些 A 是 C"...
2026-04-17 23:16:40 | INFO     | controller:46 | Think: 思考：要创作一首关于秋天的五言绝句，首先需要明确“秋天”的核心意象，如落叶、霜降、西风、孤雁或丰收，这些是构建诗歌意境的基础。其次，需把握绝句的格律要求，即五言四句，讲究平仄押韵，通常第二句和第四句需押韵，且第一句也可押韵。再者，构思情感基调，秋天常带有萧瑟、孤寂之感，但也可能蕴含收获的喜悦或思乡之情，需确定单一或复合的情感色彩。最后，考虑如何在前两句铺垫场景，后两句点出主旨或升华意境，确保起承转...
2026-04-17 23:16:47 | INFO     | controller:51 | Connect: 连接思考：基于五言绝句“起承转合”的结构要求，若选择“萧瑟孤寂”这一经典秋日意象，首句宜以景起笔，描绘秋末萧条之状（如霜风、枯叶）；次句承接，通过听觉或动态（如寒虫、落叶声）渲染氛围；第三句进行转折，引入人的情感或视角（如独坐、望月）；末句则收束全篇，以景结情或点出哲理，形成余韵。在格律上，采用平水韵“一先”或“十灰”部较为稳妥，押韵字需朗朗上口且符合平声要求。情感上，将“物候之衰”与“心境之空”...
2026-04-17 23:17:02 | INFO     | controller:56 | Reflect: 反思：
1.  **平仄格律的严谨性不足**：在《秋夜独坐》中，虽然押了平声韵（天、烟），但并未严格遵循五言绝句的平仄规律（如“仄仄仄平仄”、“平平仄仄平”等标准格式）。例如首句“霜风卷败叶”若按律应为“平平仄仄仄”或“平平仄仄平”（视入声字归部而定，“叶”古属入声，属仄），但后续句子的平仄搭配略显随意，缺乏古韵的声律美感。
2.  **意象组合的常见化**：“霜风”、“败叶”、“寒雁”、“独坐”...
2026-04-17 23:18:23 | INFO     | controller:46 | Think: 思考：
1.  **明确核心隐喻**：首先需要厘清“学习”在“建造房屋”类比中的具体指代。是基础材料的准备（如采石、砍木）？还是设计图纸的绘制？亦或是将材料组装成屋架、砌墙等核心施工过程？通常认为，学习类似于“从无到有”地构建知识框架的过程，即收集、加工和初步搭建房屋结构。
2.  **界定复习的功能**：复习不仅仅是重复记忆，它在认知过程中起到什么作用？是加固结构以防风雨？是修补施工中的裂缝？还...
2026-04-17 23:18:32 | INFO     | controller:51 | Connect: 连接思考：
在“学习即建房”的宏大隐喻中，学习不仅仅是材料的堆砌，更是一个动态的“从无到有”的构建过程，涵盖了从地基（基础概念）到屋架（逻辑框架）再到装修（细节应用）的全过程。复习并非简单的重复劳动，它在时间维度上起到了**对抗熵增**的作用。根据艾宾浩斯遗忘曲线，记忆并非静止的存储，而是随着时间推移不断衰减的动态过程，这正如房屋建成后，若不进行维护，地基会沉降、墙体可能开裂、屋顶会因风雨侵蚀而漏...
2026-04-17 23:18:41 | INFO     | controller:56 | Reflect: 反思：
当前的类比方案整体逻辑自洽，抓住了“学习是构建，复习是维护”的核心动态过程，特别是引入“对抗熵增”和“艾宾浩斯遗忘曲线”作为理论支撑，提升了类比的深度。然而，该方案存在两个潜在的优化空间：
1.  **“修补裂缝”的主动性不足**：在房屋维修中，“发现裂缝”通常是被动的（需要检查），而复习不仅是发现漏洞，更是主动的“预演”和“压力测试”。仅仅说“修复”可能低估了复习在强化神经连接中的作用。...
2026-04-17 23:22:56 | INFO     | controller:46 | Think: 思考：
针对用户“北京 3 日游，预算 5000 元”的需求，我首先需对预算进行可行性拆解。5000 元通常仅为单程或往返机票后的剩余开销（不含大交通），若含往返机票则极度紧张，因此需先确认用户是否已解决大交通（机票/高铁）。

其次，在住宿方面，北京核心区（如故宫、景山附近）住宿成本较高，为了控制总预算，行程可能需适当调整区域（如选择近郊或经济型酒店），这将直接影响景点的分布和交通耗时。

再次...
2026-04-17 23:23:34 | INFO     | controller:51 | Connect: 连接思考：
基于用户提供的"3 天 5000 元”预算及初步分析，目前的方案尚缺乏落地性，因为缺少最关键的“大交通”信息和“季节/人数”变量。5000 元在北京的旅行中是一个非常紧凑的预算，若包含往返机票和住宿，几乎不可能完成高质量的 3 日游（除非是淡季且住宿极度压缩）。

若假设用户**已解决往返大交通**（或预算仅指市内开销），则 5000 元在淡季可勉强覆盖“经济型酒店 2 晚 + 特色餐...
2026-04-17 23:24:16 | INFO     | controller:56 | Reflect: ### 反思

**1. 预算逻辑的严重偏差（核心漏洞）**
*   **场景一（含机票）的致命伤**：在“场景一”中，我假设用户未买机票，剩余 4500 元用于市内。然而，我给出的行程中包含了**全聚德**（人均 100-200 元，且排队久，非极省钱选择）、**慕田峪长城的大巴往返**（单程票价约 40-50 元，往返 100 元，加上门票 70 元，单人大约 170 元/天）、**四季民福*...
2026-04-17 23:26:06 | INFO     | controller:46 | Think: 思考：该陈述与天文学、地理学及物理学的基本事实相悖。地球实际上是一个两极稍扁、赤道略鼓的不规则球体（近似椭球体）。要反驳这一观点，可依据以下关键维度进行分析：首先，从观测证据看，登月任务、卫星照片及宇航员视角均直接展示了地球的球形；其次，科学原理上，重力作用是球对称分布的，若地球为方形，其表面受力分布将导致物质无法稳定堆积，且无法形成大气环流和海洋循环；最后，历史科学进程表明，从古希腊的几何观测到...
2026-04-17 23:26:09 | INFO     | controller:51 | Connect: 连接思考：该陈述属于典型的常识性认知偏差或基于网络恶搞（如“地球是方的”梗图）的测试性提问，用户并非在寻求严谨的科学辩论，而是在确认这一广为流传的“反常识”事实是否成立。针对此类问题，回复策略不应陷入冗长的科学原理推导（如重力分布、大气循环等），而应直接点破其背后的幽默语境与科学事实之间的反差，以轻松幽默的方式澄清误区，既维护科学共识的严肃性，又照顾用户的娱乐心态。

具体方案：直接指出“地球是方...
2026-04-17 23:26:14 | INFO     | controller:56 | Reflect: 反思：原初步思考虽然科学严谨，但在面对“地球是方的”这类明显带有戏谑性质的问题时，直接采用严肃的学术论证方式（如重力分布、大气循环等物理原理）显得过于生硬，容易将用户从轻松的娱乐语境中拉出，导致沟通氛围尴尬。改进后的方案（连接思考）敏锐地捕捉到了用户的潜在意图——这可能是一个测试 AI 反应、网络梗互动，或是出于好奇的反常识提问，因此调整策略为“幽默澄清 + 视觉反差 + 轻松科普”，更符合人机交...
2026-04-17 23:34:15 | INFO     | __main__:60 | Extracting remaining knowledge before exit...
2026-04-17 23:34:26 | INFO     | wiki_writer:40 | Written to reasoning: Exit_20260417_233426_reasoning
2026-04-17 23:34:26 | INFO     | wiki_writer:40 | Written to experience: Exit_20260417_233426_experience
2026-04-17 23:34:26 | INFO     | wiki_writer:40 | Written to memory: Exit_20260417_233426_memory
